# JRE version: Java(TM) SE Runtime Environment (21.0.6+8) (build 21.0.6+8-LTS-188)
# Java VM: Java HotSpot(TM) 64-Bit Server VM (21.0.6+8-LTS-188, mixed mode, sharing, tiered, compressed oops, compressed class ptrs, g1 gc, windows-amd64)
GC Precious Log:
 CardTable entry size: 512
 Card Set container configuration: InlinePtr #cards 4 size 8 Array Of Cards #cards 16 size 48 Howl #buckets 8 coarsen threshold 3686 Howl Bitmap #cards 512 size 80 coarsen threshold 460 Card regions per heap region 1 cards per card region 4096
 CPUs: 8 total, 8 available
 Memory: 16242M
 Large Page Support: Disabled
 NUMA Support: Disabled
 Compressed Oops: Enabled (Zero based)
 Heap Region Size: 2M
 Heap Min Capacity: 8M
 Heap Initial Capacity: 254M
 Heap Max Capacity: 4062M
 Pre-touch: Disabled
 Parallel Workers: 8
 Concurrent Workers: 2
 Concurrent Refinement Workers: 8
 Periodic GC: Disabled
Heap:
 garbage-first heap   total 71680K, used 38264K [0x0000000702200000, 0x0000000800000000)
  region size 2048K, 7 young (14336K), 3 survivors (6144K)
 Metaspace       used 71218K, committed 72000K, reserved 1114112K
  class space    used 9554K, committed 9920K, reserved 1048576K
GC Heap History (20 events):
Event: 1.807 GC heap before
{Heap before GC invocations=1 (full 0):
 garbage-first heap   total 260096K, used 31844K [0x0000000702200000, 0x0000000800000000)
  region size 2048K, 14 young (28672K), 2 survivors (4096K)
 Metaspace       used 11009K, committed 11264K, reserved 1114112K
  class space    used 1363K, committed 1472K, reserved 1048576K
}
Event: 1.812 GC heap after
{Heap after GC invocations=2 (full 0):
 garbage-first heap   total 260096K, used 10156K [0x0000000702200000, 0x0000000800000000)
  region size 2048K, 2 young (4096K), 2 survivors (4096K)
 Metaspace       used 11009K, committed 11264K, reserved 1114112K
  class space    used 1363K, committed 1472K, reserved 1048576K
}
Event: 2.766 GC heap before
{Heap before GC invocations=2 (full 0):
 garbage-first heap   total 260096K, used 55212K [0x0000000702200000, 0x0000000800000000)
  region size 2048K, 25 young (51200K), 2 survivors (4096K)
 Metaspace       used 21225K, committed 21504K, reserved 1114112K
  class space    used 2656K, committed 2816K, reserved 1048576K
}
Event: 2.772 GC heap after
{Heap after GC invocations=3 (full 0):
 garbage-first heap   total 260096K, used 14280K [0x0000000702200000, 0x0000000800000000)
  region size 2048K, 4 young (8192K), 4 survivors (8192K)
 Metaspace       used 21225K, committed 21504K, reserved 1114112K
  class space    used 2656K, committed 2816K, reserved 1048576K
}
Event: 4.303 GC heap before
{Heap before GC invocations=4 (full 0):
 garbage-first heap   total 61440K, used 59336K [0x0000000702200000, 0x0000000800000000)
  region size 2048K, 26 young (53248K), 4 survivors (8192K)
 Metaspace       used 26865K, committed 27328K, reserved 1114112K
  class space    used 3407K, committed 3584K, reserved 1048576K
}
Event: 4.313 GC heap after
{Heap after GC invocations=5 (full 0):
 garbage-first heap   total 71680K, used 17572K [0x0000000702200000, 0x0000000800000000)
  region size 2048K, 5 young (10240K), 5 survivors (10240K)
 Metaspace       used 26865K, committed 27328K, reserved 1114112K
  class space    used 3407K, committed 3584K, reserved 1048576K
}
Event: 5.433 GC heap before
{Heap before GC invocations=5 (full 0):
 garbage-first heap   total 71680K, used 50340K [0x0000000702200000, 0x0000000800000000)
  region size 2048K, 21 young (43008K), 5 survivors (10240K)
 Metaspace       used 32603K, committed 33152K, reserved 1114112K
  class space    used 4175K, committed 4416K, reserved 1048576K
}
Event: 5.443 GC heap after
{Heap after GC invocations=6 (full 0):
 garbage-first heap   total 71680K, used 20760K [0x0000000702200000, 0x0000000800000000)
  region size 2048K, 2 young (4096K), 2 survivors (4096K)
 Metaspace       used 32603K, committed 33152K, reserved 1114112K
  class space    used 4175K, committed 4416K, reserved 1048576K
}
Event: 5.996 GC heap before
{Heap before GC invocations=6 (full 0):
 garbage-first heap   total 71680K, used 35096K [0x0000000702200000, 0x0000000800000000)
  region size 2048K, 10 young (20480K), 2 survivors (4096K)
 Metaspace       used 35569K, committed 36096K, reserved 1114112K
  class space    used 4576K, committed 4800K, reserved 1048576K
}
Event: 6.001 GC heap after
{Heap after GC invocations=7 (full 0):
 garbage-first heap   total 71680K, used 20987K [0x0000000702200000, 0x0000000800000000)
  region size 2048K, 2 young (4096K), 2 survivors (4096K)
 Metaspace       used 35569K, committed 36096K, reserved 1114112K
  class space    used 4576K, committed 4800K, reserved 1048576K
}
Event: 7.650 GC heap before
{Heap before GC invocations=8 (full 0):
 garbage-first heap   total 71680K, used 53755K [0x0000000702200000, 0x0000000800000000)
  region size 2048K, 19 young (38912K), 2 survivors (4096K)
 Metaspace       used 48437K, committed 48960K, reserved 1114112K
  class space    used 6291K, committed 6528K, reserved 1048576K
}
Event: 7.657 GC heap after
{Heap after GC invocations=9 (full 0):
 garbage-first heap   total 71680K, used 24376K [0x0000000702200000, 0x0000000800000000)
  region size 2048K, 3 young (6144K), 3 survivors (6144K)
 Metaspace       used 48437K, committed 48960K, reserved 1114112K
  class space    used 6291K, committed 6528K, reserved 1048576K
}
Event: 9.004 GC heap before
{Heap before GC invocations=9 (full 0):
 garbage-first heap   total 71680K, used 55096K [0x0000000702200000, 0x0000000800000000)
  region size 2048K, 19 young (38912K), 3 survivors (6144K)
 Metaspace       used 57572K, committed 58176K, reserved 1114112K
  class space    used 7544K, committed 7808K, reserved 1048576K
}
Event: 9.012 GC heap after
{Heap after GC invocations=10 (full 0):
 garbage-first heap   total 71680K, used 25864K [0x0000000702200000, 0x0000000800000000)
  region size 2048K, 3 young (6144K), 3 survivors (6144K)
 Metaspace       used 57572K, committed 58176K, reserved 1114112K
  class space    used 7544K, committed 7808K, reserved 1048576K
}
Event: 9.322 GC heap before
{Heap before GC invocations=10 (full 0):
 garbage-first heap   total 71680K, used 34056K [0x0000000702200000, 0x0000000800000000)
  region size 2048K, 8 young (16384K), 3 survivors (6144K)
 Metaspace       used 59906K, committed 60480K, reserved 1114112K
  class space    used 7972K, committed 8256K, reserved 1048576K
}
Event: 9.327 GC heap after
{Heap after GC invocations=11 (full 0):
 garbage-first heap   total 71680K, used 26302K [0x0000000702200000, 0x0000000800000000)
  region size 2048K, 2 young (4096K), 2 survivors (4096K)
 Metaspace       used 59906K, committed 60480K, reserved 1114112K
  class space    used 7972K, committed 8256K, reserved 1048576K
}
Event: 11.029 GC heap before
{Heap before GC invocations=12 (full 0):
 garbage-first heap   total 71680K, used 59070K [0x0000000702200000, 0x0000000800000000)
  region size 2048K, 18 young (36864K), 2 survivors (4096K)
 Metaspace       used 66597K, committed 67264K, reserved 1114112K
  class space    used 8904K, committed 9216K, reserved 1048576K
}
Event: 11.037 GC heap after
{Heap after GC invocations=13 (full 0):
 garbage-first heap   total 71680K, used 29137K [0x0000000702200000, 0x0000000800000000)
  region size 2048K, 3 young (6144K), 3 survivors (6144K)
 Metaspace       used 66597K, committed 67264K, reserved 1114112K
  class space    used 8904K, committed 9216K, reserved 1048576K
}
Event: 12.498 GC heap before
{Heap before GC invocations=13 (full 0):
 garbage-first heap   total 71680K, used 57809K [0x0000000702200000, 0x0000000800000000)
  region size 2048K, 17 young (34816K), 3 survivors (6144K)
 Metaspace       used 70627K, committed 71360K, reserved 1114112K
  class space    used 9473K, committed 9792K, reserved 1048576K
}
Event: 12.507 GC heap after
{Heap after GC invocations=14 (full 0):
 garbage-first heap   total 71680K, used 32120K [0x0000000702200000, 0x0000000800000000)
  region size 2048K, 3 young (6144K), 3 survivors (6144K)
 Metaspace       used 70627K, committed 71360K, reserved 1114112K
  class space    used 9473K, committed 9792K, reserved 1048576K
}

