# JRE version: Java(TM) SE Runtime Environment (21.0.6+8) (build 21.0.6+8-LTS-188)
# Java VM: Java HotSpot(TM) 64-Bit Server VM (21.0.6+8-LTS-188, mixed mode, sharing, tiered, compressed oops, compressed class ptrs, g1 gc, windows-amd64)
GC Precious Log:
 CardTable entry size: 512
 Card Set container configuration: InlinePtr #cards 4 size 8 Array Of Cards #cards 16 size 48 Howl #buckets 8 coarsen threshold 3686 Howl Bitmap #cards 512 size 80 coarsen threshold 460 Card regions per heap region 1 cards per card region 4096
 CPUs: 8 total, 8 available
 Memory: 16242M
 Large Page Support: Disabled
 NUMA Support: Disabled
 Compressed Oops: Enabled (Zero based)
 Heap Region Size: 2M
 Heap Min Capacity: 8M
 Heap Initial Capacity: 254M
 Heap Max Capacity: 4062M
 Pre-touch: Disabled
 Parallel Workers: 8
 Concurrent Workers: 2
 Concurrent Refinement Workers: 8
 Periodic GC: Disabled
Heap:
 garbage-first heap   total 276480K, used 143772K [0x0000000702200000, 0x0000000800000000)
  region size 2048K, 6 young (12288K), 3 survivors (6144K)
 Metaspace       used 96237K, committed 97088K, reserved 1179648K
  class space    used 12852K, committed 13248K, reserved 1048576K
GC Heap History (20 events):
Event: 13.810 GC heap before
{Heap before GC invocations=16 (full 0):
 garbage-first heap   total 124928K, used 100090K [0x0000000702200000, 0x0000000800000000)
  region size 2048K, 19 young (38912K), 3 survivors (6144K)
 Metaspace       used 68444K, committed 69056K, reserved 1114112K
  class space    used 9265K, committed 9536K, reserved 1048576K
}
Event: 13.817 GC heap after
{Heap after GC invocations=17 (full 0):
 garbage-first heap   total 124928K, used 70388K [0x0000000702200000, 0x0000000800000000)
  region size 2048K, 2 young (4096K), 2 survivors (4096K)
 Metaspace       used 68444K, committed 69056K, reserved 1114112K
  class space    used 9265K, committed 9536K, reserved 1048576K
}
Event: 14.217 GC heap before
{Heap before GC invocations=18 (full 0):
 garbage-first heap   total 141312K, used 101108K [0x0000000702200000, 0x0000000800000000)
  region size 2048K, 17 young (34816K), 2 survivors (4096K)
 Metaspace       used 70134K, committed 70720K, reserved 1114112K
  class space    used 9642K, committed 9920K, reserved 1048576K
}
Event: 14.222 GC heap after
{Heap after GC invocations=19 (full 0):
 garbage-first heap   total 141312K, used 76725K [0x0000000702200000, 0x0000000800000000)
  region size 2048K, 3 young (6144K), 3 survivors (6144K)
 Metaspace       used 70134K, committed 70720K, reserved 1114112K
  class space    used 9642K, committed 9920K, reserved 1048576K
}
Event: 14.293 GC heap before
{Heap before GC invocations=19 (full 0):
 garbage-first heap   total 141312K, used 115637K [0x0000000702200000, 0x0000000800000000)
  region size 2048K, 22 young (45056K), 3 survivors (6144K)
 Metaspace       used 70146K, committed 70784K, reserved 1114112K
  class space    used 9642K, committed 9920K, reserved 1048576K
}
Event: 14.300 GC heap after
{Heap after GC invocations=20 (full 0):
 garbage-first heap   total 141312K, used 83387K [0x0000000702200000, 0x0000000800000000)
  region size 2048K, 3 young (6144K), 3 survivors (6144K)
 Metaspace       used 70146K, committed 70784K, reserved 1114112K
  class space    used 9642K, committed 9920K, reserved 1048576K
}
Event: 14.346 GC heap before
{Heap before GC invocations=20 (full 0):
 garbage-first heap   total 141312K, used 118203K [0x0000000702200000, 0x0000000800000000)
  region size 2048K, 20 young (40960K), 3 survivors (6144K)
 Metaspace       used 70149K, committed 70784K, reserved 1114112K
  class space    used 9642K, committed 9920K, reserved 1048576K
}
Event: 14.357 GC heap after
{Heap after GC invocations=21 (full 0):
 garbage-first heap   total 276480K, used 98646K [0x0000000702200000, 0x0000000800000000)
  region size 2048K, 3 young (6144K), 3 survivors (6144K)
 Metaspace       used 70149K, committed 70784K, reserved 1114112K
  class space    used 9642K, committed 9920K, reserved 1048576K
}
Event: 14.565 GC heap before
{Heap before GC invocations=22 (full 0):
 garbage-first heap   total 276480K, used 209238K [0x0000000702200000, 0x0000000800000000)
  region size 2048K, 58 young (118784K), 3 survivors (6144K)
 Metaspace       used 70149K, committed 70784K, reserved 1114112K
  class space    used 9642K, committed 9920K, reserved 1048576K
}
Event: 14.589 GC heap after
{Heap after GC invocations=23 (full 0):
 garbage-first heap   total 276480K, used 138436K [0x0000000702200000, 0x0000000800000000)
  region size 2048K, 8 young (16384K), 8 survivors (16384K)
 Metaspace       used 70149K, committed 70784K, reserved 1114112K
  class space    used 9642K, committed 9920K, reserved 1048576K
}
Event: 14.695 GC heap before
{Heap before GC invocations=23 (full 0):
 garbage-first heap   total 276480K, used 210116K [0x0000000702200000, 0x0000000800000000)
  region size 2048K, 41 young (83968K), 8 survivors (16384K)
 Metaspace       used 70151K, committed 70784K, reserved 1114112K
  class space    used 9642K, committed 9920K, reserved 1048576K
}
Event: 14.717 GC heap after
{Heap after GC invocations=24 (full 0):
 garbage-first heap   total 276480K, used 144601K [0x0000000702200000, 0x0000000800000000)
  region size 2048K, 6 young (12288K), 6 survivors (12288K)
 Metaspace       used 70151K, committed 70784K, reserved 1114112K
  class space    used 9642K, committed 9920K, reserved 1048576K
}
Event: 15.291 GC heap before
{Heap before GC invocations=24 (full 0):
 garbage-first heap   total 276480K, used 210137K [0x0000000702200000, 0x0000000800000000)
  region size 2048K, 38 young (77824K), 6 survivors (12288K)
 Metaspace       used 72927K, committed 73600K, reserved 1114112K
  class space    used 10003K, committed 10304K, reserved 1048576K
}
Event: 15.307 GC heap after
{Heap after GC invocations=25 (full 0):
 garbage-first heap   total 276480K, used 154024K [0x0000000702200000, 0x0000000800000000)
  region size 2048K, 4 young (8192K), 4 survivors (8192K)
 Metaspace       used 72927K, committed 73600K, reserved 1114112K
  class space    used 10003K, committed 10304K, reserved 1048576K
}
Event: 70.122 GC heap before
{Heap before GC invocations=26 (full 0):
 garbage-first heap   total 276480K, used 213416K [0x0000000702200000, 0x0000000800000000)
  region size 2048K, 37 young (75776K), 4 survivors (8192K)
 Metaspace       used 83841K, committed 84544K, reserved 1179648K
  class space    used 11532K, committed 11840K, reserved 1048576K
}
Event: 70.137 GC heap after
{Heap after GC invocations=27 (full 0):
 garbage-first heap   total 276480K, used 151935K [0x0000000702200000, 0x0000000800000000)
  region size 2048K, 5 young (10240K), 5 survivors (10240K)
 Metaspace       used 83841K, committed 84544K, reserved 1179648K
  class space    used 11532K, committed 11840K, reserved 1048576K
}
Event: 371.365 GC heap before
{Heap before GC invocations=27 (full 0):
 garbage-first heap   total 276480K, used 254335K [0x0000000702200000, 0x0000000800000000)
  region size 2048K, 41 young (83968K), 5 survivors (10240K)
 Metaspace       used 89262K, committed 90048K, reserved 1179648K
  class space    used 12059K, committed 12416K, reserved 1048576K
}
Event: 371.373 GC heap after
{Heap after GC invocations=28 (full 0):
 garbage-first heap   total 276480K, used 137335K [0x0000000702200000, 0x0000000800000000)
  region size 2048K, 4 young (8192K), 4 survivors (8192K)
 Metaspace       used 89262K, committed 90048K, reserved 1179648K
  class space    used 12059K, committed 12416K, reserved 1048576K
}
Event: 676.465 GC heap before
{Heap before GC invocations=28 (full 0):
 garbage-first heap   total 276480K, used 188535K [0x0000000702200000, 0x0000000800000000)
  region size 2048K, 30 young (61440K), 4 survivors (8192K)
 Metaspace       used 96161K, committed 96960K, reserved 1179648K
  class space    used 12850K, committed 13184K, reserved 1048576K
}
Event: 676.472 GC heap after
{Heap after GC invocations=29 (full 0):
 garbage-first heap   total 276480K, used 139676K [0x0000000702200000, 0x0000000800000000)
  region size 2048K, 3 young (6144K), 3 survivors (6144K)
 Metaspace       used 96161K, committed 96960K, reserved 1179648K
  class space    used 12850K, committed 13184K, reserved 1048576K
}

