# JRE version: Java(TM) SE Runtime Environment (21.0.6+8) (build 21.0.6+8-LTS-188)
# Java VM: Java HotSpot(TM) 64-Bit Server VM (21.0.6+8-LTS-188, mixed mode, sharing, tiered, compressed oops, compressed class ptrs, g1 gc, windows-amd64)
GC Precious Log:
 CardTable entry size: 512
 Card Set container configuration: InlinePtr #cards 4 size 8 Array Of Cards #cards 16 size 48 Howl #buckets 8 coarsen threshold 3686 Howl Bitmap #cards 512 size 80 coarsen threshold 460 Card regions per heap region 1 cards per card region 4096
 CPUs: 8 total, 8 available
 Memory: 16242M
 Large Page Support: Disabled
 NUMA Support: Disabled
 Compressed Oops: Enabled (Zero based)
 Heap Region Size: 2M
 Heap Min Capacity: 8M
 Heap Initial Capacity: 254M
 Heap Max Capacity: 4062M
 Pre-touch: Disabled
 Parallel Workers: 8
 Concurrent Workers: 2
 Concurrent Refinement Workers: 8
 Periodic GC: Disabled
Heap:
 garbage-first heap   total 319488K, used 177940K [0x0000000702200000, 0x0000000800000000)
  region size 2048K, 13 young (26624K), 5 survivors (10240K)
 Metaspace       used 85012K, committed 85824K, reserved 1179648K
  class space    used 11642K, committed 12032K, reserved 1048576K
GC Heap History (20 events):
Event: 14.798 GC heap before
{Heap before GC invocations=13 (full 0):
 garbage-first heap   total 88064K, used 71526K [0x0000000702200000, 0x0000000800000000)
  region size 2048K, 18 young (36864K), 3 survivors (6144K)
 Metaspace       used 68453K, committed 69120K, reserved 1114112K
  class space    used 9271K, committed 9600K, reserved 1048576K
}
Event: 14.810 GC heap after
{Heap after GC invocations=14 (full 0):
 garbage-first heap   total 116736K, used 51200K [0x0000000702200000, 0x0000000800000000)
  region size 2048K, 3 young (6144K), 3 survivors (6144K)
 Metaspace       used 68453K, committed 69120K, reserved 1114112K
  class space    used 9271K, committed 9600K, reserved 1048576K
}
Event: 14.918 GC heap before
{Heap before GC invocations=14 (full 0):
 garbage-first heap   total 116736K, used 90112K [0x0000000702200000, 0x0000000800000000)
  region size 2048K, 22 young (45056K), 3 survivors (6144K)
 Metaspace       used 68456K, committed 69120K, reserved 1114112K
  class space    used 9271K, committed 9600K, reserved 1048576K
}
Event: 14.932 GC heap after
{Heap after GC invocations=15 (full 0):
 garbage-first heap   total 116736K, used 66645K [0x0000000702200000, 0x0000000800000000)
  region size 2048K, 3 young (6144K), 3 survivors (6144K)
 Metaspace       used 68456K, committed 69120K, reserved 1114112K
  class space    used 9271K, committed 9600K, reserved 1048576K
}
Event: 14.992 GC heap before
{Heap before GC invocations=15 (full 0):
 garbage-first heap   total 116736K, used 93269K [0x0000000702200000, 0x0000000800000000)
  region size 2048K, 16 young (32768K), 3 survivors (6144K)
 Metaspace       used 68472K, committed 69184K, reserved 1114112K
  class space    used 9271K, committed 9600K, reserved 1048576K
}
Event: 15.001 GC heap after
{Heap after GC invocations=16 (full 0):
 garbage-first heap   total 116736K, used 69259K [0x0000000702200000, 0x0000000800000000)
  region size 2048K, 1 young (2048K), 1 survivors (2048K)
 Metaspace       used 68472K, committed 69184K, reserved 1114112K
  class space    used 9271K, committed 9600K, reserved 1048576K
}
Event: 15.498 GC heap before
{Heap before GC invocations=17 (full 0):
 garbage-first heap   total 153600K, used 95883K [0x0000000702200000, 0x0000000800000000)
  region size 2048K, 15 young (30720K), 1 survivors (2048K)
 Metaspace       used 70145K, committed 70912K, reserved 1114112K
  class space    used 9646K, committed 9984K, reserved 1048576K
}
Event: 15.501 GC heap after
{Heap after GC invocations=18 (full 0):
 garbage-first heap   total 153600K, used 69888K [0x0000000702200000, 0x0000000800000000)
  region size 2048K, 2 young (4096K), 2 survivors (4096K)
 Metaspace       used 70145K, committed 70912K, reserved 1114112K
  class space    used 9646K, committed 9984K, reserved 1048576K
}
Event: 15.644 GC heap before
{Heap before GC invocations=18 (full 0):
 garbage-first heap   total 153600K, used 125184K [0x0000000702200000, 0x0000000800000000)
  region size 2048K, 29 young (59392K), 2 survivors (4096K)
 Metaspace       used 70168K, committed 70912K, reserved 1114112K
  class space    used 9646K, committed 9984K, reserved 1048576K
}
Event: 15.647 GC heap after
{Heap after GC invocations=19 (full 0):
 garbage-first heap   total 153600K, used 69290K [0x0000000702200000, 0x0000000800000000)
  region size 2048K, 2 young (4096K), 2 survivors (4096K)
 Metaspace       used 70168K, committed 70912K, reserved 1114112K
  class space    used 9646K, committed 9984K, reserved 1048576K
}
Event: 15.753 GC heap before
{Heap before GC invocations=19 (full 0):
 garbage-first heap   total 153600K, used 130730K [0x0000000702200000, 0x0000000800000000)
  region size 2048K, 32 young (65536K), 2 survivors (4096K)
 Metaspace       used 70168K, committed 70912K, reserved 1114112K
  class space    used 9646K, committed 9984K, reserved 1048576K
}
Event: 15.772 GC heap after
{Heap after GC invocations=20 (full 0):
 garbage-first heap   total 159744K, used 93717K [0x0000000702200000, 0x0000000800000000)
  region size 2048K, 4 young (8192K), 4 survivors (8192K)
 Metaspace       used 70168K, committed 70912K, reserved 1114112K
  class space    used 9646K, committed 9984K, reserved 1048576K
}
Event: 15.814 GC heap before
{Heap before GC invocations=20 (full 0):
 garbage-first heap   total 159744K, used 118293K [0x0000000702200000, 0x0000000800000000)
  region size 2048K, 17 young (34816K), 4 survivors (8192K)
 Metaspace       used 70168K, committed 70912K, reserved 1114112K
  class space    used 9646K, committed 9984K, reserved 1048576K
}
Event: 15.829 GC heap after
{Heap after GC invocations=21 (full 0):
 garbage-first heap   total 319488K, used 105474K [0x0000000702200000, 0x0000000800000000)
  region size 2048K, 3 young (6144K), 3 survivors (6144K)
 Metaspace       used 70168K, committed 70912K, reserved 1114112K
  class space    used 9646K, committed 9984K, reserved 1048576K
}
Event: 16.073 GC heap before
{Heap before GC invocations=22 (full 0):
 garbage-first heap   total 319488K, used 209922K [0x0000000702200000, 0x0000000800000000)
  region size 2048K, 51 young (104448K), 3 survivors (6144K)
 Metaspace       used 70168K, committed 70912K, reserved 1114112K
  class space    used 9646K, committed 9984K, reserved 1048576K
}
Event: 16.102 GC heap after
{Heap after GC invocations=23 (full 0):
 garbage-first heap   total 319488K, used 149363K [0x0000000702200000, 0x0000000800000000)
  region size 2048K, 7 young (14336K), 7 survivors (14336K)
 Metaspace       used 70168K, committed 70912K, reserved 1114112K
  class space    used 9646K, committed 9984K, reserved 1048576K
}
Event: 16.237 GC heap before
{Heap before GC invocations=23 (full 0):
 garbage-first heap   total 319488K, used 227187K [0x0000000702200000, 0x0000000800000000)
  region size 2048K, 45 young (92160K), 7 survivors (14336K)
 Metaspace       used 70177K, committed 70912K, reserved 1114112K
  class space    used 9646K, committed 9984K, reserved 1048576K
}
Event: 16.250 GC heap after
{Heap after GC invocations=24 (full 0):
 garbage-first heap   total 319488K, used 153333K [0x0000000702200000, 0x0000000800000000)
  region size 2048K, 2 young (4096K), 2 survivors (4096K)
 Metaspace       used 70177K, committed 70912K, reserved 1114112K
  class space    used 9646K, committed 9984K, reserved 1048576K
}
Event: 26.141 GC heap before
{Heap before GC invocations=24 (full 0):
 garbage-first heap   total 319488K, used 237301K [0x0000000702200000, 0x0000000800000000)
  region size 2048K, 44 young (90112K), 2 survivors (4096K)
 Metaspace       used 84133K, committed 84928K, reserved 1179648K
  class space    used 11597K, committed 11968K, reserved 1048576K
}
Event: 26.151 GC heap after
{Heap after GC invocations=25 (full 0):
 garbage-first heap   total 319488K, used 159508K [0x0000000702200000, 0x0000000800000000)
  region size 2048K, 5 young (10240K), 5 survivors (10240K)
 Metaspace       used 84133K, committed 84928K, reserved 1179648K
  class space    used 11597K, committed 11968K, reserved 1048576K
}

