# JRE version: Java(TM) SE Runtime Environment (21.0.6+8) (build 21.0.6+8-LTS-188)
# Java VM: Java HotSpot(TM) 64-Bit Server VM (21.0.6+8-LTS-188, mixed mode, sharing, tiered, compressed oops, compressed class ptrs, g1 gc, windows-amd64)
GC Precious Log:
 CardTable entry size: 512
 Card Set container configuration: InlinePtr #cards 4 size 8 Array Of Cards #cards 16 size 48 Howl #buckets 8 coarsen threshold 3686 Howl Bitmap #cards 512 size 80 coarsen threshold 460 Card regions per heap region 1 cards per card region 4096
 CPUs: 8 total, 8 available
 Memory: 16242M
 Large Page Support: Disabled
 NUMA Support: Disabled
 Compressed Oops: Enabled (Zero based)
 Heap Region Size: 2M
 Heap Min Capacity: 8M
 Heap Initial Capacity: 254M
 Heap Max Capacity: 4062M
 Pre-touch: Disabled
 Parallel Workers: 8
 Concurrent Workers: 2
 Concurrent Refinement Workers: 8
 Periodic GC: Disabled
Heap:
 garbage-first heap   total 299008K, used 140341K [0x0000000702200000, 0x0000000800000000)
  region size 2048K, 16 young (32768K), 4 survivors (8192K)
 Metaspace       used 88559K, committed 89408K, reserved 1179648K
  class space    used 11730K, committed 12160K, reserved 1048576K
GC Heap History (20 events):
Event: 10.160 GC heap before
{Heap before GC invocations=16 (full 0):
 garbage-first heap   total 112640K, used 91464K [0x0000000702200000, 0x0000000800000000)
  region size 2048K, 15 young (30720K), 3 survivors (6144K)
 Metaspace       used 68450K, committed 69120K, reserved 1114112K
  class space    used 9267K, committed 9536K, reserved 1048576K
}
Event: 10.166 GC heap after
{Heap after GC invocations=17 (full 0):
 garbage-first heap   total 112640K, used 69539K [0x0000000702200000, 0x0000000800000000)
  region size 2048K, 1 young (2048K), 1 survivors (2048K)
 Metaspace       used 68450K, committed 69120K, reserved 1114112K
  class space    used 9267K, committed 9536K, reserved 1048576K
}
Event: 10.365 GC heap before
{Heap before GC invocations=18 (full 0):
 garbage-first heap   total 161792K, used 94115K [0x0000000702200000, 0x0000000800000000)
  region size 2048K, 13 young (26624K), 1 survivors (2048K)
 Metaspace       used 69012K, committed 69696K, reserved 1114112K
  class space    used 9320K, committed 9600K, reserved 1048576K
}
Event: 10.366 GC heap after
{Heap after GC invocations=19 (full 0):
 garbage-first heap   total 161792K, used 69008K [0x0000000702200000, 0x0000000800000000)
  region size 2048K, 1 young (2048K), 1 survivors (2048K)
 Metaspace       used 69012K, committed 69696K, reserved 1114112K
  class space    used 9320K, committed 9600K, reserved 1048576K
}
Event: 10.653 GC heap before
{Heap before GC invocations=19 (full 0):
 garbage-first heap   total 161792K, used 128400K [0x0000000702200000, 0x0000000800000000)
  region size 2048K, 30 young (61440K), 1 survivors (2048K)
 Metaspace       used 70166K, committed 70848K, reserved 1114112K
  class space    used 9642K, committed 9920K, reserved 1048576K
}
Event: 10.657 GC heap after
{Heap after GC invocations=20 (full 0):
 garbage-first heap   total 161792K, used 69958K [0x0000000702200000, 0x0000000800000000)
  region size 2048K, 2 young (4096K), 2 survivors (4096K)
 Metaspace       used 70166K, committed 70848K, reserved 1114112K
  class space    used 9642K, committed 9920K, reserved 1048576K
}
Event: 10.778 GC heap before
{Heap before GC invocations=20 (full 0):
 garbage-first heap   total 161792K, used 131398K [0x0000000702200000, 0x0000000800000000)
  region size 2048K, 32 young (65536K), 2 survivors (4096K)
 Metaspace       used 70169K, committed 70848K, reserved 1114112K
  class space    used 9642K, committed 9920K, reserved 1048576K
}
Event: 10.794 GC heap after
{Heap after GC invocations=21 (full 0):
 garbage-first heap   total 299008K, used 92734K [0x0000000702200000, 0x0000000800000000)
  region size 2048K, 4 young (8192K), 4 survivors (8192K)
 Metaspace       used 70169K, committed 70848K, reserved 1114112K
  class space    used 9642K, committed 9920K, reserved 1048576K
}
Event: 10.843 GC heap before
{Heap before GC invocations=21 (full 0):
 garbage-first heap   total 299008K, used 119358K [0x0000000702200000, 0x0000000800000000)
  region size 2048K, 18 young (36864K), 4 survivors (8192K)
 Metaspace       used 70169K, committed 70848K, reserved 1114112K
  class space    used 9642K, committed 9920K, reserved 1048576K
}
Event: 10.857 GC heap after
{Heap after GC invocations=22 (full 0):
 garbage-first heap   total 299008K, used 105351K [0x0000000702200000, 0x0000000800000000)
  region size 2048K, 10 young (20480K), 10 survivors (20480K)
 Metaspace       used 70169K, committed 70848K, reserved 1114112K
  class space    used 9642K, committed 9920K, reserved 1048576K
}
Event: 11.117 GC heap before
{Heap before GC invocations=23 (full 0):
 garbage-first heap   total 299008K, used 222087K [0x0000000702200000, 0x0000000800000000)
  region size 2048K, 64 young (131072K), 10 survivors (20480K)
 Metaspace       used 70170K, committed 70848K, reserved 1114112K
  class space    used 9642K, committed 9920K, reserved 1048576K
}
Event: 11.149 GC heap after
{Heap after GC invocations=24 (full 0):
 garbage-first heap   total 299008K, used 148124K [0x0000000702200000, 0x0000000800000000)
  region size 2048K, 8 young (16384K), 8 survivors (16384K)
 Metaspace       used 70170K, committed 70848K, reserved 1114112K
  class space    used 9642K, committed 9920K, reserved 1048576K
}
Event: 11.434 GC heap before
{Heap before GC invocations=24 (full 0):
 garbage-first heap   total 299008K, used 221852K [0x0000000702200000, 0x0000000800000000)
  region size 2048K, 44 young (90112K), 8 survivors (16384K)
 Metaspace       used 71933K, committed 72576K, reserved 1114112K
  class space    used 9868K, committed 10176K, reserved 1048576K
}
Event: 11.449 GC heap after
{Heap after GC invocations=25 (full 0):
 garbage-first heap   total 299008K, used 153514K [0x0000000702200000, 0x0000000800000000)
  region size 2048K, 2 young (4096K), 2 survivors (4096K)
 Metaspace       used 71933K, committed 72576K, reserved 1114112K
  class space    used 9868K, committed 10176K, reserved 1048576K
}
Event: 47.261 GC heap before
{Heap before GC invocations=25 (full 0):
 garbage-first heap   total 299008K, used 227242K [0x0000000702200000, 0x0000000800000000)
  region size 2048K, 39 young (79872K), 2 survivors (4096K)
 Metaspace       used 84100K, committed 84864K, reserved 1179648K
  class space    used 11602K, committed 11904K, reserved 1048576K
}
Event: 47.271 GC heap after
{Heap after GC invocations=26 (full 0):
 garbage-first heap   total 299008K, used 157945K [0x0000000702200000, 0x0000000800000000)
  region size 2048K, 4 young (8192K), 4 survivors (8192K)
 Metaspace       used 84100K, committed 84864K, reserved 1179648K
  class space    used 11602K, committed 11904K, reserved 1048576K
}
Event: 774.481 GC heap before
{Heap before GC invocations=27 (full 0):
 garbage-first heap   total 299008K, used 258297K [0x0000000702200000, 0x0000000800000000)
  region size 2048K, 44 young (90112K), 4 survivors (8192K)
 Metaspace       used 86569K, committed 87360K, reserved 1179648K
  class space    used 11689K, committed 12096K, reserved 1048576K
}
Event: 774.488 GC heap after
{Heap after GC invocations=28 (full 0):
 garbage-first heap   total 299008K, used 131952K [0x0000000702200000, 0x0000000800000000)
  region size 2048K, 4 young (8192K), 4 survivors (8192K)
 Metaspace       used 86569K, committed 87360K, reserved 1179648K
  class space    used 11689K, committed 12096K, reserved 1048576K
}
Event: 1754.492 GC heap before
{Heap before GC invocations=28 (full 0):
 garbage-first heap   total 299008K, used 277360K [0x0000000702200000, 0x0000000800000000)
  region size 2048K, 56 young (114688K), 4 survivors (8192K)
 Metaspace       used 88038K, committed 88896K, reserved 1179648K
  class space    used 11726K, committed 12160K, reserved 1048576K
}
Event: 1754.500 GC heap after
{Heap after GC invocations=29 (full 0):
 garbage-first heap   total 299008K, used 101429K [0x0000000702200000, 0x0000000800000000)
  region size 2048K, 4 young (8192K), 4 survivors (8192K)
 Metaspace       used 88038K, committed 88896K, reserved 1179648K
  class space    used 11726K, committed 12160K, reserved 1048576K
}

