# JRE version: Java(TM) SE Runtime Environment (21.0.6+8) (build 21.0.6+8-LTS-188)
# Java VM: Java HotSpot(TM) 64-Bit Server VM (21.0.6+8-LTS-188, mixed mode, sharing, tiered, compressed oops, compressed class ptrs, g1 gc, windows-amd64)
GC Precious Log:
 CardTable entry size: 512
 Card Set container configuration: InlinePtr #cards 4 size 8 Array Of Cards #cards 16 size 48 Howl #buckets 8 coarsen threshold 3686 Howl Bitmap #cards 512 size 80 coarsen threshold 460 Card regions per heap region 1 cards per card region 4096
 CPUs: 8 total, 8 available
 Memory: 16242M
 Large Page Support: Disabled
 NUMA Support: Disabled
 Compressed Oops: Enabled (Zero based)
 Heap Region Size: 2M
 Heap Min Capacity: 8M
 Heap Initial Capacity: 254M
 Heap Max Capacity: 4062M
 Pre-touch: Disabled
 Parallel Workers: 8
 Concurrent Workers: 2
 Concurrent Refinement Workers: 8
 Periodic GC: Disabled
Heap:
 garbage-first heap   total 81920K, used 41835K [0x0000000702200000, 0x0000000800000000)
  region size 2048K, 5 young (10240K), 2 survivors (4096K)
 Metaspace       used 83638K, committed 84416K, reserved 1179648K
  class space    used 10996K, committed 11328K, reserved 1048576K
GC Heap History (20 events):
Event: 13.129 GC heap before
{Heap before GC invocations=8 (full 0):
 garbage-first heap   total 81920K, used 64910K [0x0000000702200000, 0x0000000800000000)
  region size 2048K, 23 young (47104K), 2 survivors (4096K)
 Metaspace       used 49656K, committed 50176K, reserved 1114112K
  class space    used 6445K, committed 6656K, reserved 1048576K
}
Event: 13.136 GC heap after
{Heap after GC invocations=9 (full 0):
 garbage-first heap   total 81920K, used 25255K [0x0000000702200000, 0x0000000800000000)
  region size 2048K, 3 young (6144K), 3 survivors (6144K)
 Metaspace       used 49656K, committed 50176K, reserved 1114112K
  class space    used 6445K, committed 6656K, reserved 1048576K
}
Event: 14.415 GC heap before
{Heap before GC invocations=9 (full 0):
 garbage-first heap   total 81920K, used 60071K [0x0000000702200000, 0x0000000800000000)
  region size 2048K, 21 young (43008K), 3 survivors (6144K)
 Metaspace       used 59677K, committed 60160K, reserved 1114112K
  class space    used 7926K, committed 8128K, reserved 1048576K
}
Event: 14.436 GC heap after
{Heap after GC invocations=10 (full 0):
 garbage-first heap   total 81920K, used 27425K [0x0000000702200000, 0x0000000800000000)
  region size 2048K, 1 young (2048K), 1 survivors (2048K)
 Metaspace       used 59677K, committed 60160K, reserved 1114112K
  class space    used 7926K, committed 8128K, reserved 1048576K
}
Event: 15.826 GC heap before
{Heap before GC invocations=11 (full 0):
 garbage-first heap   total 81920K, used 68385K [0x0000000702200000, 0x0000000800000000)
  region size 2048K, 21 young (43008K), 1 survivors (2048K)
 Metaspace       used 67501K, committed 68160K, reserved 1114112K
  class space    used 9040K, committed 9344K, reserved 1048576K
}
Event: 15.832 GC heap after
{Heap after GC invocations=12 (full 0):
 garbage-first heap   total 81920K, used 30612K [0x0000000702200000, 0x0000000800000000)
  region size 2048K, 3 young (6144K), 3 survivors (6144K)
 Metaspace       used 67501K, committed 68160K, reserved 1114112K
  class space    used 9040K, committed 9344K, reserved 1048576K
}
Event: 39.607 GC heap before
{Heap before GC invocations=12 (full 0):
 garbage-first heap   total 81920K, used 69524K [0x0000000702200000, 0x0000000800000000)
  region size 2048K, 22 young (45056K), 3 survivors (6144K)
 Metaspace       used 73653K, committed 74368K, reserved 1114112K
  class space    used 9889K, committed 10240K, reserved 1048576K
}
Event: 39.628 GC heap after
{Heap after GC invocations=13 (full 0):
 garbage-first heap   total 81920K, used 34118K [0x0000000702200000, 0x0000000800000000)
  region size 2048K, 2 young (4096K), 2 survivors (4096K)
 Metaspace       used 73653K, committed 74368K, reserved 1114112K
  class space    used 9889K, committed 10240K, reserved 1048576K
}
Event: 42.168 GC heap before
{Heap before GC invocations=13 (full 0):
 garbage-first heap   total 81920K, used 68934K [0x0000000702200000, 0x0000000800000000)
  region size 2048K, 20 young (40960K), 2 survivors (4096K)
 Metaspace       used 75246K, committed 75904K, reserved 1179648K
  class space    used 10081K, committed 10368K, reserved 1048576K
}
Event: 42.175 GC heap after
{Heap after GC invocations=14 (full 0):
 garbage-first heap   total 81920K, used 35534K [0x0000000702200000, 0x0000000800000000)
  region size 2048K, 1 young (2048K), 1 survivors (2048K)
 Metaspace       used 75246K, committed 75904K, reserved 1179648K
  class space    used 10081K, committed 10368K, reserved 1048576K
}
Event: 45.263 GC heap before
{Heap before GC invocations=14 (full 0):
 garbage-first heap   total 81920K, used 70350K [0x0000000702200000, 0x0000000800000000)
  region size 2048K, 18 young (36864K), 1 survivors (2048K)
 Metaspace       used 75452K, committed 76160K, reserved 1179648K
  class space    used 10087K, committed 10432K, reserved 1048576K
}
Event: 45.266 GC heap after
{Heap after GC invocations=15 (full 0):
 garbage-first heap   total 81920K, used 35154K [0x0000000702200000, 0x0000000800000000)
  region size 2048K, 1 young (2048K), 1 survivors (2048K)
 Metaspace       used 75452K, committed 76160K, reserved 1179648K
  class space    used 10087K, committed 10432K, reserved 1048576K
}
Event: 137.499 GC heap before
{Heap before GC invocations=15 (full 0):
 garbage-first heap   total 81920K, used 69970K [0x0000000702200000, 0x0000000800000000)
  region size 2048K, 19 young (38912K), 1 survivors (2048K)
 Metaspace       used 80276K, committed 81024K, reserved 1179648K
  class space    used 10759K, committed 11072K, reserved 1048576K
}
Event: 137.506 GC heap after
{Heap after GC invocations=16 (full 0):
 garbage-first heap   total 81920K, used 36184K [0x0000000702200000, 0x0000000800000000)
  region size 2048K, 2 young (4096K), 2 survivors (4096K)
 Metaspace       used 80276K, committed 81024K, reserved 1179648K
  class space    used 10759K, committed 11072K, reserved 1048576K
}
Event: 808.361 GC heap before
{Heap before GC invocations=16 (full 0):
 garbage-first heap   total 81920K, used 71000K [0x0000000702200000, 0x0000000800000000)
  region size 2048K, 19 young (38912K), 2 survivors (4096K)
 Metaspace       used 81955K, committed 82624K, reserved 1179648K
  class space    used 10956K, committed 11264K, reserved 1048576K
}
Event: 808.369 GC heap after
{Heap after GC invocations=17 (full 0):
 garbage-first heap   total 81920K, used 37240K [0x0000000702200000, 0x0000000800000000)
  region size 2048K, 2 young (4096K), 2 survivors (4096K)
 Metaspace       used 81955K, committed 82624K, reserved 1179648K
  class space    used 10956K, committed 11264K, reserved 1048576K
}
Event: 1019.703 GC heap before
{Heap before GC invocations=17 (full 0):
 garbage-first heap   total 81920K, used 72056K [0x0000000702200000, 0x0000000800000000)
  region size 2048K, 19 young (38912K), 2 survivors (4096K)
 Metaspace       used 83179K, committed 83968K, reserved 1179648K
  class space    used 10976K, committed 11328K, reserved 1048576K
}
Event: 1019.709 GC heap after
{Heap after GC invocations=18 (full 0):
 garbage-first heap   total 81920K, used 37878K [0x0000000702200000, 0x0000000800000000)
  region size 2048K, 2 young (4096K), 2 survivors (4096K)
 Metaspace       used 83179K, committed 83968K, reserved 1179648K
  class space    used 10976K, committed 11328K, reserved 1048576K
}
Event: 1742.114 GC heap before
{Heap before GC invocations=18 (full 0):
 garbage-first heap   total 81920K, used 70646K [0x0000000702200000, 0x0000000800000000)
  region size 2048K, 18 young (36864K), 2 survivors (4096K)
 Metaspace       used 83582K, committed 84352K, reserved 1179648K
  class space    used 10991K, committed 11328K, reserved 1048576K
}
Event: 1742.125 GC heap after
{Heap after GC invocations=19 (full 0):
 garbage-first heap   total 81920K, used 37739K [0x0000000702200000, 0x0000000800000000)
  region size 2048K, 2 young (4096K), 2 survivors (4096K)
 Metaspace       used 83582K, committed 84352K, reserved 1179648K
  class space    used 10991K, committed 11328K, reserved 1048576K
}

