# JRE version: Java(TM) SE Runtime Environment (21.0.6+8) (build 21.0.6+8-LTS-188)
# Java VM: Java HotSpot(TM) 64-Bit Server VM (21.0.6+8-LTS-188, mixed mode, sharing, tiered, compressed oops, compressed class ptrs, g1 gc, windows-amd64)
GC Precious Log:
 CardTable entry size: 512
 Card Set container configuration: InlinePtr #cards 4 size 8 Array Of Cards #cards 16 size 48 Howl #buckets 8 coarsen threshold 3686 Howl Bitmap #cards 512 size 80 coarsen threshold 460 Card regions per heap region 1 cards per card region 4096
 CPUs: 8 total, 8 available
 Memory: 16242M
 Large Page Support: Disabled
 NUMA Support: Disabled
 Compressed Oops: Enabled (Zero based)
 Heap Region Size: 2M
 Heap Min Capacity: 8M
 Heap Initial Capacity: 254M
 Heap Max Capacity: 4062M
 Pre-touch: Disabled
 Parallel Workers: 8
 Concurrent Workers: 2
 Concurrent Refinement Workers: 8
 Periodic GC: Disabled
Heap:
 garbage-first heap   total 94208K, used 68488K [0x0000000702200000, 0x0000000800000000)
  region size 2048K, 2 young (4096K), 2 survivors (4096K)
 Metaspace       used 68448K, committed 69120K, reserved 1114112K
  class space    used 9260K, committed 9536K, reserved 1048576K
GC Heap History (20 events):
Event: 7.268 GC heap after
{Heap after GC invocations=6 (full 0):
 garbage-first heap   total 69632K, used 21391K [0x0000000702200000, 0x0000000800000000)
  region size 2048K, 3 young (6144K), 3 survivors (6144K)
 Metaspace       used 29950K, committed 30464K, reserved 1114112K
  class space    used 3869K, committed 4096K, reserved 1048576K
}
Event: 9.356 GC heap before
{Heap before GC invocations=6 (full 0):
 garbage-first heap   total 69632K, used 50063K [0x0000000702200000, 0x0000000800000000)
  region size 2048K, 18 young (36864K), 3 survivors (6144K)
 Metaspace       used 35305K, committed 35904K, reserved 1114112K
  class space    used 4513K, committed 4800K, reserved 1048576K
}
Event: 9.361 GC heap after
{Heap after GC invocations=7 (full 0):
 garbage-first heap   total 69632K, used 23359K [0x0000000702200000, 0x0000000800000000)
  region size 2048K, 3 young (6144K), 3 survivors (6144K)
 Metaspace       used 35305K, committed 35904K, reserved 1114112K
  class space    used 4513K, committed 4800K, reserved 1048576K
}
Event: 9.395 GC heap before
{Heap before GC invocations=7 (full 0):
 garbage-first heap   total 69632K, used 23359K [0x0000000702200000, 0x0000000800000000)
  region size 2048K, 4 young (8192K), 3 survivors (6144K)
 Metaspace       used 35439K, committed 35968K, reserved 1114112K
  class space    used 4534K, committed 4800K, reserved 1048576K
}
Event: 9.400 GC heap after
{Heap after GC invocations=8 (full 0):
 garbage-first heap   total 69632K, used 23422K [0x0000000702200000, 0x0000000800000000)
  region size 2048K, 2 young (4096K), 2 survivors (4096K)
 Metaspace       used 35439K, committed 35968K, reserved 1114112K
  class space    used 4534K, committed 4800K, reserved 1048576K
}
Event: 11.248 GC heap before
{Heap before GC invocations=9 (full 0):
 garbage-first heap   total 69632K, used 56190K [0x0000000702200000, 0x0000000800000000)
  region size 2048K, 18 young (36864K), 2 survivors (4096K)
 Metaspace       used 47463K, committed 48000K, reserved 1114112K
  class space    used 6132K, committed 6400K, reserved 1048576K
}
Event: 11.253 GC heap after
{Heap after GC invocations=10 (full 0):
 garbage-first heap   total 69632K, used 26216K [0x0000000702200000, 0x0000000800000000)
  region size 2048K, 3 young (6144K), 3 survivors (6144K)
 Metaspace       used 47463K, committed 48000K, reserved 1114112K
  class space    used 6132K, committed 6400K, reserved 1048576K
}
Event: 12.487 GC heap before
{Heap before GC invocations=10 (full 0):
 garbage-first heap   total 69632K, used 52840K [0x0000000702200000, 0x0000000800000000)
  region size 2048K, 17 young (34816K), 3 survivors (6144K)
 Metaspace       used 53586K, committed 54144K, reserved 1114112K
  class space    used 6897K, committed 7168K, reserved 1048576K
}
Event: 12.511 GC heap after
{Heap after GC invocations=11 (full 0):
 garbage-first heap   total 69632K, used 27723K [0x0000000702200000, 0x0000000800000000)
  region size 2048K, 3 young (6144K), 3 survivors (6144K)
 Metaspace       used 53586K, committed 54144K, reserved 1114112K
  class space    used 6897K, committed 7168K, reserved 1048576K
}
Event: 13.479 GC heap before
{Heap before GC invocations=11 (full 0):
 garbage-first heap   total 69632K, used 46155K [0x0000000702200000, 0x0000000800000000)
  region size 2048K, 13 young (26624K), 3 survivors (6144K)
 Metaspace       used 59558K, committed 60160K, reserved 1114112K
  class space    used 7886K, committed 8128K, reserved 1048576K
}
Event: 13.485 GC heap after
{Heap after GC invocations=12 (full 0):
 garbage-first heap   total 86016K, used 28622K [0x0000000702200000, 0x0000000800000000)
  region size 2048K, 2 young (4096K), 2 survivors (4096K)
 Metaspace       used 59558K, committed 60160K, reserved 1114112K
  class space    used 7886K, committed 8128K, reserved 1048576K
}
Event: 15.477 GC heap before
{Heap before GC invocations=13 (full 0):
 garbage-first heap   total 86016K, used 73678K [0x0000000702200000, 0x0000000800000000)
  region size 2048K, 24 young (49152K), 2 survivors (4096K)
 Metaspace       used 68379K, committed 69056K, reserved 1114112K
  class space    used 9253K, committed 9536K, reserved 1048576K
}
Event: 15.484 GC heap after
{Heap after GC invocations=14 (full 0):
 garbage-first heap   total 86016K, used 31837K [0x0000000702200000, 0x0000000800000000)
  region size 2048K, 3 young (6144K), 3 survivors (6144K)
 Metaspace       used 68379K, committed 69056K, reserved 1114112K
  class space    used 9253K, committed 9536K, reserved 1048576K
}
Event: 15.779 GC heap before
{Heap before GC invocations=14 (full 0):
 garbage-first heap   total 86016K, used 72797K [0x0000000702200000, 0x0000000800000000)
  region size 2048K, 23 young (47104K), 3 survivors (6144K)
 Metaspace       used 68442K, committed 69056K, reserved 1114112K
  class space    used 9260K, committed 9536K, reserved 1048576K
}
Event: 15.793 GC heap after
{Heap after GC invocations=15 (full 0):
 garbage-first heap   total 94208K, used 43657K [0x0000000702200000, 0x0000000800000000)
  region size 2048K, 3 young (6144K), 3 survivors (6144K)
 Metaspace       used 68442K, committed 69056K, reserved 1114112K
  class space    used 9260K, committed 9536K, reserved 1048576K
}
Event: 15.986 GC heap before
{Heap before GC invocations=15 (full 0):
 garbage-first heap   total 94208K, used 74377K [0x0000000702200000, 0x0000000800000000)
  region size 2048K, 18 young (36864K), 3 survivors (6144K)
 Metaspace       used 68446K, committed 69056K, reserved 1114112K
  class space    used 9260K, committed 9536K, reserved 1048576K
}
Event: 16.011 GC heap after
{Heap after GC invocations=16 (full 0):
 garbage-first heap   total 94208K, used 54425K [0x0000000702200000, 0x0000000800000000)
  region size 2048K, 3 young (6144K), 3 survivors (6144K)
 Metaspace       used 68446K, committed 69056K, reserved 1114112K
  class space    used 9260K, committed 9536K, reserved 1048576K
}
Event: 16.139 GC heap before
{Heap before GC invocations=16 (full 0):
 garbage-first heap   total 94208K, used 76953K [0x0000000702200000, 0x0000000800000000)
  region size 2048K, 14 young (28672K), 3 survivors (6144K)
 Metaspace       used 68448K, committed 69120K, reserved 1114112K
  class space    used 9260K, committed 9536K, reserved 1048576K
}
Event: 16.153 GC heap after
{Heap after GC invocations=17 (full 0):
 garbage-first heap   total 94208K, used 64173K [0x0000000702200000, 0x0000000800000000)
  region size 2048K, 2 young (4096K), 2 survivors (4096K)
 Metaspace       used 68448K, committed 69120K, reserved 1114112K
  class space    used 9260K, committed 9536K, reserved 1048576K
}
Event: 16.226 GC heap before
{Heap before GC invocations=17 (full 0):
 garbage-first heap   total 94208K, used 78509K [0x0000000702200000, 0x0000000800000000)
  region size 2048K, 9 young (18432K), 2 survivors (4096K)
 Metaspace       used 68448K, committed 69120K, reserved 1114112K
  class space    used 9260K, committed 9536K, reserved 1048576K
}

